[20520:16644:0703/114657.355:WARNING:chrome_main_delegate.cc(745)] This is Chrome version 128.0.6613.138 (not a warning)
[20520:23512:0703/114657.391:ERROR:google_update_settings.cc(265)] Failed opening key Software\Chromium to set usagestats; result: 5
[20520:16644:0703/114657.415:WARNING:account_consistency_mode_manager.cc(77)] Desktop Identity Consistency cannot be enabled as no OAuth client ID and client secret have been configured.
[19976:18204:0703/114702.546:WARNING:frame_impl.cc(430)] virtual CefFrameImpl::SendProcessMessage sent to detached frame 5-00D290099BCEE2EF15DE1AADE3F4FFFE will be ignored
[14696:8332:0703/114703.759:WARNING:codec.cc(525)] Explicitly added H264 constrained baseline to list of supported formats.
[14696:5244:0703/114703.781:WARNING:codec.cc(525)] Explicitly added H264 constrained baseline to list of supported formats.
[14696:5244:0703/114703.781:WARNING:codec.cc(525)] Explicitly added H264 constrained baseline to list of supported formats.
[14696:5244:0703/114703.781:WARNING:codec.cc(525)] Explicitly added H264 constrained baseline to list of supported formats.
[620:6528:0703/114703.904:WARNING:host_resolver_dns_task.cc(863)] Address list empty after RFC3484 sort
[620:6528:0703/114703.904:WARNING:host_resolver_dns_task.cc(863)] Address list empty after RFC3484 sort
[620:6528:0703/114703.905:WARNING:host_resolver_dns_task.cc(863)] Address list empty after RFC3484 sort
[620:6528:0703/114703.906:ERROR:socket_manager.cc(147)] Failed to resolve address for stun.cloudflare.com., errorcode: -105
[620:6528:0703/114703.906:ERROR:socket_manager.cc(147)] Failed to resolve address for stun.cloudflare.com., errorcode: -105
[620:6528:0703/114703.906:ERROR:socket_manager.cc(147)] Failed to resolve address for stun.cloudflare.com., errorcode: -105
[14696:5244:0703/114703.906:WARNING:stun_port.cc(442)] Port[ff2c00:0:1:0:host:Net[any:0:0:0:x:x:x:x:x/0:Wildcard:id=0]]: StunPort: stun host lookup received error -1
[14696:5244:0703/114703.906:WARNING:stun_port.cc(442)] Port[1355400:1:1:0:host:Net[any:0:0:0:x:x:x:x:x/0:Wildcard:id=0]]: StunPort: stun host lookup received error -1
[14696:5244:0703/114703.906:WARNING:stun_port.cc(442)] Port[1355c00:2:1:0:host:Net[any:0:0:0:x:x:x:x:x/0:Wildcard:id=0]]: StunPort: stun host lookup received error -1
[620:6528:0703/114703.907:ERROR:socket_manager.cc(147)] Failed to resolve address for stun.l.google.com., errorcode: -105
[620:6528:0703/114703.907:ERROR:socket_manager.cc(147)] Failed to resolve address for stun.l.google.com., errorcode: -105
[620:6528:0703/114703.907:ERROR:socket_manager.cc(147)] Failed to resolve address for stun.l.google.com., errorcode: -105
[14696:5244:0703/114703.907:WARNING:stun_port.cc(442)] Port[ff2c00:0:1:0:host:Net[any:0:0:0:x:x:x:x:x/0:Wildcard:id=0]]: StunPort: stun host lookup received error -1
[14696:5244:0703/114703.907:WARNING:stun_port.cc(442)] Port[1355400:1:1:0:host:Net[any:0:0:0:x:x:x:x:x/0:Wildcard:id=0]]: StunPort: stun host lookup received error -1
[14696:5244:0703/114703.907:WARNING:stun_port.cc(442)] Port[1355c00:2:1:0:host:Net[any:0:0:0:x:x:x:x:x/0:Wildcard:id=0]]: StunPort: stun host lookup received error -1
[620:6528:0703/114703.907:ERROR:socket_manager.cc(147)] Failed to resolve address for stun1.l.google.com., errorcode: -105
[620:6528:0703/114703.907:ERROR:socket_manager.cc(147)] Failed to resolve address for stun1.l.google.com., errorcode: -105
[620:6528:0703/114703.907:ERROR:socket_manager.cc(147)] Failed to resolve address for stun1.l.google.com., errorcode: -105
[14696:5244:0703/114703.908:WARNING:stun_port.cc(442)] Port[ff2c00:0:1:0:host:Net[any:0:0:0:x:x:x:x:x/0:Wildcard:id=0]]: StunPort: stun host lookup received error -1
[14696:5244:0703/114703.908:WARNING:stun_port.cc(442)] Port[1355400:1:1:0:host:Net[any:0:0:0:x:x:x:x:x/0:Wildcard:id=0]]: StunPort: stun host lookup received error -1
[14696:5244:0703/114703.908:WARNING:stun_port.cc(442)] Port[1355c00:2:1:0:host:Net[any:0:0:0:x:x:x:x:x/0:Wildcard:id=0]]: StunPort: stun host lookup received error -1
[20520:13756:0703/114704.889:WARNING:browser_info.cc(345)] Returning a speculative frame for [7,9]
[20520:16644:0703/114705.609:WARNING:browser_info.cc(345)] Returning a speculative frame for [9,9]
[20520:16644:0703/114705.610:WARNING:browser_info.cc(345)] Returning a speculative frame for [9,9]
[20520:16644:0703/114705.610:WARNING:browser_info.cc(345)] Returning a speculative frame for [9,9]
[20520:16644:0703/114705.610:WARNING:browser_info.cc(345)] Returning a speculative frame for [9,9]
[20520:13756:0703/114705.614:WARNING:browser_info.cc(345)] Returning a speculative frame for [9,9]
[5132:23364:0703/114706.938:WARNING:codec.cc(525)] Explicitly added H264 constrained baseline to list of supported formats.
[5132:15708:0703/114706.965:WARNING:codec.cc(525)] Explicitly added H264 constrained baseline to list of supported formats.
[5132:15708:0703/114706.965:WARNING:codec.cc(525)] Explicitly added H264 constrained baseline to list of supported formats.
[5132:15708:0703/114706.965:WARNING:codec.cc(525)] Explicitly added H264 constrained baseline to list of supported formats.
[620:6528:0703/114707.279:WARNING:host_resolver_dns_task.cc(863)] Address list empty after RFC3484 sort
[620:6528:0703/114707.279:WARNING:host_resolver_dns_task.cc(863)] Address list empty after RFC3484 sort
[620:6528:0703/114707.279:ERROR:socket_manager.cc(147)] Failed to resolve address for stun.cloudflare.com., errorcode: -105
[620:6528:0703/114707.279:ERROR:socket_manager.cc(147)] Failed to resolve address for stun.cloudflare.com., errorcode: -105
[620:6528:0703/114707.279:ERROR:socket_manager.cc(147)] Failed to resolve address for stun.cloudflare.com., errorcode: -105
[5132:15708:0703/114707.279:WARNING:stun_port.cc(442)] Port[eff400:0:1:0:host:Net[any:0:0:0:x:x:x:x:x/0:Wildcard:id=0]]: StunPort: stun host lookup received error -1
[5132:15708:0703/114707.279:WARNING:stun_port.cc(442)] Port[1284000:1:1:0:host:Net[any:0:0:0:x:x:x:x:x/0:Wildcard:id=0]]: StunPort: stun host lookup received error -1
[5132:15708:0703/114707.279:WARNING:stun_port.cc(442)] Port[1284400:2:1:0:host:Net[any:0:0:0:x:x:x:x:x/0:Wildcard:id=0]]: StunPort: stun host lookup received error -1
[620:6528:0703/114707.279:ERROR:socket_manager.cc(147)] Failed to resolve address for stun.l.google.com., errorcode: -105
[620:6528:0703/114707.279:ERROR:socket_manager.cc(147)] Failed to resolve address for stun.l.google.com., errorcode: -105
[620:6528:0703/114707.279:ERROR:socket_manager.cc(147)] Failed to resolve address for stun.l.google.com., errorcode: -105
[5132:15708:0703/114707.279:WARNING:stun_port.cc(442)] Port[eff400:0:1:0:host:Net[any:0:0:0:x:x:x:x:x/0:Wildcard:id=0]]: StunPort: stun host lookup received error -1
[5132:15708:0703/114707.280:WARNING:stun_port.cc(442)] Port[1284000:1:1:0:host:Net[any:0:0:0:x:x:x:x:x/0:Wildcard:id=0]]: StunPort: stun host lookup received error -1
[5132:15708:0703/114707.280:WARNING:stun_port.cc(442)] Port[1284400:2:1:0:host:Net[any:0:0:0:x:x:x:x:x/0:Wildcard:id=0]]: StunPort: stun host lookup received error -1
[620:6528:0703/114707.281:WARNING:host_resolver_dns_task.cc(863)] Address list empty after RFC3484 sort
[620:6528:0703/114707.281:ERROR:socket_manager.cc(147)] Failed to resolve address for stun1.l.google.com., errorcode: -105
[620:6528:0703/114707.281:ERROR:socket_manager.cc(147)] Failed to resolve address for stun1.l.google.com., errorcode: -105
[620:6528:0703/114707.281:ERROR:socket_manager.cc(147)] Failed to resolve address for stun1.l.google.com., errorcode: -105
[5132:15708:0703/114707.281:WARNING:stun_port.cc(442)] Port[eff400:0:1:0:host:Net[any:0:0:0:x:x:x:x:x/0:Wildcard:id=0]]: StunPort: stun host lookup received error -1
[5132:15708:0703/114707.281:WARNING:stun_port.cc(442)] Port[1284000:1:1:0:host:Net[any:0:0:0:x:x:x:x:x/0:Wildcard:id=0]]: StunPort: stun host lookup received error -1
[5132:15708:0703/114707.281:WARNING:stun_port.cc(442)] Port[1284400:2:1:0:host:Net[any:0:0:0:x:x:x:x:x/0:Wildcard:id=0]]: StunPort: stun host lookup received error -1
[5132:23364:0703/114710.409:WARNING:codec.cc(525)] Explicitly added H264 constrained baseline to list of supported formats.
[20520:16644:0703/122632.420:ERROR:device_event_log_impl.cc(196)] [12:26:32.118] USB: usb_service_win.cc:105 SetupDiGetDeviceProperty({{A45C254E-DF1C-4EFD-8020-67D146A850E0}, 6}) failed: 요소가 없습니다. (0x490)
[20520:16644:0703/144049.389:WARNING:pref_notifier_impl.cc(41)] Pref observer for media_router.cast_allow_all_ips found at shutdown.
