[20796:15120:0708/205322.136:WARNING:chrome_main_delegate.cc(745)] This is Chrome version 128.0.6613.138 (not a warning)
[20796:11860:0708/205322.374:ERROR:google_update_settings.cc(265)] Failed opening key Software\Chromium to set usagestats; result: 5
[20796:15120:0708/205322.475:WARNING:account_consistency_mode_manager.cc(77)] Desktop Identity Consistency cannot be enabled as no OAuth client ID and client secret have been configured.
[20796:15120:0708/205328.681:ERROR:device_event_log_impl.cc(196)] [20:53:28.362] USB: usb_service_win.cc:105 SetupDiGetDeviceProperty({{A45C254E-DF1C-4EFD-8020-67D146A850E0}, 6}) failed: 요소가 없습니다. (0x490)
[30060:12660:0708/205351.361:WARNING:frame_impl.cc(430)] virtual CefFrameImpl::SendProcessMessage sent to detached frame 5-C5B70D130777585303799425510D64B3 will be ignored
[28864:31676:0708/205353.351:WARNING:codec.cc(525)] Explicitly added H264 constrained baseline to list of supported formats.
[28864:14752:0708/205353.386:WARNING:codec.cc(525)] Explicitly added H264 constrained baseline to list of supported formats.
[28864:14752:0708/205353.386:WARNING:codec.cc(525)] Explicitly added H264 constrained baseline to list of supported formats.
[28864:14752:0708/205353.387:WARNING:codec.cc(525)] Explicitly added H264 constrained baseline to list of supported formats.
[18316:9744:0708/205353.696:WARNING:host_resolver_dns_task.cc(863)] Address list empty after RFC3484 sort
[18316:9744:0708/205353.696:WARNING:host_resolver_dns_task.cc(863)] Address list empty after RFC3484 sort
[18316:9744:0708/205353.696:WARNING:host_resolver_dns_task.cc(863)] Address list empty after RFC3484 sort
[18316:9744:0708/205353.698:ERROR:socket_manager.cc(147)] Failed to resolve address for stun.cloudflare.com., errorcode: -105
[18316:9744:0708/205353.698:ERROR:socket_manager.cc(147)] Failed to resolve address for stun.cloudflare.com., errorcode: -105
[18316:9744:0708/205353.698:ERROR:socket_manager.cc(147)] Failed to resolve address for stun.cloudflare.com., errorcode: -105
[28864:14752:0708/205353.698:WARNING:stun_port.cc(442)] Port[1084400:0:1:0:host:Net[any:0:0:0:x:x:x:x:x/0:Wildcard:id=0]]: StunPort: stun host lookup received error -1
[28864:14752:0708/205353.698:WARNING:stun_port.cc(442)] Port[1086c00:1:1:0:host:Net[any:0:0:0:x:x:x:x:x/0:Wildcard:id=0]]: StunPort: stun host lookup received error -1
[28864:14752:0708/205353.698:WARNING:stun_port.cc(442)] Port[1087400:2:1:0:host:Net[any:0:0:0:x:x:x:x:x/0:Wildcard:id=0]]: StunPort: stun host lookup received error -1
[18316:9744:0708/205353.699:ERROR:socket_manager.cc(147)] Failed to resolve address for stun.l.google.com., errorcode: -105
[18316:9744:0708/205353.699:ERROR:socket_manager.cc(147)] Failed to resolve address for stun.l.google.com., errorcode: -105
[18316:9744:0708/205353.699:ERROR:socket_manager.cc(147)] Failed to resolve address for stun.l.google.com., errorcode: -105
[18316:9744:0708/205353.699:ERROR:socket_manager.cc(147)] Failed to resolve address for stun1.l.google.com., errorcode: -105
[18316:9744:0708/205353.699:ERROR:socket_manager.cc(147)] Failed to resolve address for stun1.l.google.com., errorcode: -105
[18316:9744:0708/205353.699:ERROR:socket_manager.cc(147)] Failed to resolve address for stun1.l.google.com., errorcode: -105
[28864:14752:0708/205353.700:WARNING:stun_port.cc(442)] Port[1084400:0:1:0:host:Net[any:0:0:0:x:x:x:x:x/0:Wildcard:id=0]]: StunPort: stun host lookup received error -1
[28864:14752:0708/205353.701:WARNING:stun_port.cc(442)] Port[1086c00:1:1:0:host:Net[any:0:0:0:x:x:x:x:x/0:Wildcard:id=0]]: StunPort: stun host lookup received error -1
[28864:14752:0708/205353.701:WARNING:stun_port.cc(442)] Port[1087400:2:1:0:host:Net[any:0:0:0:x:x:x:x:x/0:Wildcard:id=0]]: StunPort: stun host lookup received error -1
[28864:14752:0708/205353.701:WARNING:stun_port.cc(442)] Port[1084400:0:1:0:host:Net[any:0:0:0:x:x:x:x:x/0:Wildcard:id=0]]: StunPort: stun host lookup received error -1
[28864:14752:0708/205353.701:WARNING:stun_port.cc(442)] Port[1086c00:1:1:0:host:Net[any:0:0:0:x:x:x:x:x/0:Wildcard:id=0]]: StunPort: stun host lookup received error -1
[28864:14752:0708/205353.701:WARNING:stun_port.cc(442)] Port[1087400:2:1:0:host:Net[any:0:0:0:x:x:x:x:x/0:Wildcard:id=0]]: StunPort: stun host lookup received error -1
[20796:31172:0708/205354.355:WARNING:browser_info.cc(345)] Returning a speculative frame for [8,9]
[20796:15120:0708/205354.685:WARNING:browser_info.cc(345)] Returning a speculative frame for [9,9]
[20796:15120:0708/205354.685:WARNING:browser_info.cc(345)] Returning a speculative frame for [9,9]
[20796:15120:0708/205354.685:WARNING:browser_info.cc(345)] Returning a speculative frame for [9,9]
[20796:15120:0708/205354.685:WARNING:browser_info.cc(345)] Returning a speculative frame for [9,9]
[20796:31172:0708/205354.692:WARNING:browser_info.cc(345)] Returning a speculative frame for [9,9]
[12344:27404:0708/205356.018:WARNING:codec.cc(525)] Explicitly added H264 constrained baseline to list of supported formats.
[12344:5624:0708/205356.045:WARNING:codec.cc(525)] Explicitly added H264 constrained baseline to list of supported formats.
[12344:5624:0708/205356.045:WARNING:codec.cc(525)] Explicitly added H264 constrained baseline to list of supported formats.
[12344:5624:0708/205356.046:WARNING:codec.cc(525)] Explicitly added H264 constrained baseline to list of supported formats.
[18316:9744:0708/205356.360:WARNING:host_resolver_dns_task.cc(863)] Address list empty after RFC3484 sort
[18316:9744:0708/205356.360:ERROR:socket_manager.cc(147)] Failed to resolve address for stun.cloudflare.com., errorcode: -105
[18316:9744:0708/205356.360:ERROR:socket_manager.cc(147)] Failed to resolve address for stun.cloudflare.com., errorcode: -105
[18316:9744:0708/205356.360:ERROR:socket_manager.cc(147)] Failed to resolve address for stun.cloudflare.com., errorcode: -105
[12344:5624:0708/205356.360:WARNING:stun_port.cc(442)] Port[1261000:0:1:0:host:Net[any:0:0:0:x:x:x:x:x/0:Wildcard:id=0]]: StunPort: stun host lookup received error -1
[12344:5624:0708/205356.361:WARNING:stun_port.cc(442)] Port[1261800:1:1:0:host:Net[any:0:0:0:x:x:x:x:x/0:Wildcard:id=0]]: StunPort: stun host lookup received error -1
[12344:5624:0708/205356.362:WARNING:stun_port.cc(442)] Port[1262000:2:1:0:host:Net[any:0:0:0:x:x:x:x:x/0:Wildcard:id=0]]: StunPort: stun host lookup received error -1
[18316:9744:0708/205356.362:WARNING:host_resolver_dns_task.cc(863)] Address list empty after RFC3484 sort
[18316:9744:0708/205356.362:WARNING:host_resolver_dns_task.cc(863)] Address list empty after RFC3484 sort
[18316:9744:0708/205356.362:ERROR:socket_manager.cc(147)] Failed to resolve address for stun1.l.google.com., errorcode: -105
[18316:9744:0708/205356.362:ERROR:socket_manager.cc(147)] Failed to resolve address for stun1.l.google.com., errorcode: -105
[12344:5624:0708/205356.362:WARNING:stun_port.cc(442)] Port[1261000:0:1:0:host:Net[any:0:0:0:x:x:x:x:x/0:Wildcard:id=0]]: StunPort: stun host lookup received error -1
[18316:9744:0708/205356.362:ERROR:socket_manager.cc(147)] Failed to resolve address for stun1.l.google.com., errorcode: -105
[18316:9744:0708/205356.362:ERROR:socket_manager.cc(147)] Failed to resolve address for stun.l.google.com., errorcode: -105
[18316:9744:0708/205356.362:ERROR:socket_manager.cc(147)] Failed to resolve address for stun.l.google.com., errorcode: -105
[18316:9744:0708/205356.362:ERROR:socket_manager.cc(147)] Failed to resolve address for stun.l.google.com., errorcode: -105
[12344:5624:0708/205356.362:WARNING:stun_port.cc(442)] Port[1261800:1:1:0:host:Net[any:0:0:0:x:x:x:x:x/0:Wildcard:id=0]]: StunPort: stun host lookup received error -1
[12344:5624:0708/205356.362:WARNING:stun_port.cc(442)] Port[1262000:2:1:0:host:Net[any:0:0:0:x:x:x:x:x/0:Wildcard:id=0]]: StunPort: stun host lookup received error -1
[12344:5624:0708/205356.362:WARNING:stun_port.cc(442)] Port[1261000:0:1:0:host:Net[any:0:0:0:x:x:x:x:x/0:Wildcard:id=0]]: StunPort: stun host lookup received error -1
[12344:5624:0708/205356.362:WARNING:stun_port.cc(442)] Port[1261800:1:1:0:host:Net[any:0:0:0:x:x:x:x:x/0:Wildcard:id=0]]: StunPort: stun host lookup received error -1
[12344:5624:0708/205356.363:WARNING:stun_port.cc(442)] Port[1262000:2:1:0:host:Net[any:0:0:0:x:x:x:x:x/0:Wildcard:id=0]]: StunPort: stun host lookup received error -1
[12344:27404:0708/205357.394:WARNING:codec.cc(525)] Explicitly added H264 constrained baseline to list of supported formats.
[20796:15120:0709/004314.635:ERROR:device_event_log_impl.cc(196)] [00:43:14.596] USB: usb_service_win.cc:105 SetupDiGetDeviceProperty({{A45C254E-DF1C-4EFD-8020-67D146A850E0}, 6}) failed: 요소가 없습니다. (0x490)
[20796:15120:0709/004730.304:WARNING:pref_notifier_impl.cc(41)] Pref observer for media_router.cast_allow_all_ips found at shutdown.
